Analysis & Elaboration report for MIPS_project
Thu Mar 14 11:58:49 2024
Quartus Prime Version 23.1std.0 Build 991 11/28/2023 SC Lite Edition


---------------------
; Table of Contents ;
---------------------
  1. Legal Notice
  2. Analysis & Elaboration Summary
  3. Parallel Compilation
  4. Analysis & Elaboration Settings
  5. Analysis & Elaboration Messages



----------------
; Legal Notice ;
----------------
Copyright (C) 2023  Intel Corporation. All rights reserved.
Your use of Intel Corporation's design tools, logic functions 
and other software and tools, and any partner logic 
functions, and any output files from any of the foregoing 
(including device programming or simulation files), and any 
associated documentation or information are expressly subject 
to the terms and conditions of the Intel Program License 
Subscription Agreement, the Intel Quartus Prime License Agreement,
the Intel FPGA IP License Agreement, or other applicable license
agreement, including, without limitation, that your use is for
the sole purpose of programming logic devices manufactured by
Intel and sold by Intel or its authorized distributors.  Please
refer to the applicable agreement for further details, at
https://fpgasoftware.intel.com/eula.



+-------------------------------------------------------------------------------------+
; Analysis & Elaboration Summary                                                      ;
+------------------------------------+------------------------------------------------+
; Analysis & Elaboration Status      ; Failed - Thu Mar 14 11:58:49 2024              ;
; Quartus Prime Version              ; 23.1std.0 Build 991 11/28/2023 SC Lite Edition ;
; Revision Name                      ; MIPS_project                                   ;
; Top-level Entity Name              ; CPU                                            ;
; Family                             ; MAX 10                                         ;
; Total logic elements               ; N/A until Partition Merge                      ;
;     Total combinational functions  ; N/A until Partition Merge                      ;
;     Dedicated logic registers      ; N/A until Partition Merge                      ;
; Total registers                    ; N/A until Partition Merge                      ;
; Total pins                         ; N/A until Partition Merge                      ;
; Total virtual pins                 ; N/A until Partition Merge                      ;
; Total memory bits                  ; N/A until Partition Merge                      ;
; Embedded Multiplier 9-bit elements ; N/A until Partition Merge                      ;
; Total PLLs                         ; N/A until Partition Merge                      ;
; UFM blocks                         ; N/A until Partition Merge                      ;
; ADC blocks                         ; N/A until Partition Merge                      ;
+------------------------------------+------------------------------------------------+


+------------------------------------------+
; Parallel Compilation                     ;
+----------------------------+-------------+
; Processors                 ; Number      ;
+----------------------------+-------------+
; Number detected on machine ; 12          ;
; Maximum allowed            ; 6           ;
;                            ;             ;
; Average used               ; 1.00        ;
; Maximum used               ; 1           ;
;                            ;             ;
; Usage by Processor         ; % Time Used ;
;     Processor 1            ; 100.0%      ;
+----------------------------+-------------+


+------------------------------------------------------------------------------------------------------------+
; Analysis & Elaboration Settings                                                                            ;
+------------------------------------------------------------------+--------------------+--------------------+
; Option                                                           ; Setting            ; Default Value      ;
+------------------------------------------------------------------+--------------------+--------------------+
; Device                                                           ; 10M50DAF484C7G     ;                    ;
; Top-level entity name                                            ; CPU                ; MIPS_project       ;
; Family name                                                      ; MAX 10             ; Cyclone V          ;
; Use smart compilation                                            ; Off                ; Off                ;
; Enable parallel Assembler and Timing Analyzer during compilation ; On                 ; On                 ;
; Enable compact report table                                      ; Off                ; Off                ;
; Restructure Multiplexers                                         ; Auto               ; Auto               ;
; Create Debugging Nodes for IP Cores                              ; Off                ; Off                ;
; Preserve fewer node names                                        ; On                 ; On                 ;
; Intel FPGA IP Evaluation Mode                                    ; Enable             ; Enable             ;
; Verilog Version                                                  ; Verilog_2001       ; Verilog_2001       ;
; VHDL Version                                                     ; VHDL_1993          ; VHDL_1993          ;
; State Machine Processing                                         ; Auto               ; Auto               ;
; Safe State Machine                                               ; Off                ; Off                ;
; Extract Verilog State Machines                                   ; On                 ; On                 ;
; Extract VHDL State Machines                                      ; On                 ; On                 ;
; Ignore Verilog initial constructs                                ; Off                ; Off                ;
; Iteration limit for constant Verilog loops                       ; 5000               ; 5000               ;
; Iteration limit for non-constant Verilog loops                   ; 250                ; 250                ;
; Add Pass-Through Logic to Inferred RAMs                          ; On                 ; On                 ;
; Infer RAMs from Raw Logic                                        ; On                 ; On                 ;
; Parallel Synthesis                                               ; On                 ; On                 ;
; DSP Block Balancing                                              ; Auto               ; Auto               ;
; NOT Gate Push-Back                                               ; On                 ; On                 ;
; Power-Up Don't Care                                              ; On                 ; On                 ;
; Remove Redundant Logic Cells                                     ; Off                ; Off                ;
; Remove Duplicate Registers                                       ; On                 ; On                 ;
; Ignore CARRY Buffers                                             ; Off                ; Off                ;
; Ignore CASCADE Buffers                                           ; Off                ; Off                ;
; Ignore GLOBAL Buffers                                            ; Off                ; Off                ;
; Ignore ROW GLOBAL Buffers                                        ; Off                ; Off                ;
; Ignore LCELL Buffers                                             ; Off                ; Off                ;
; Ignore SOFT Buffers                                              ; On                 ; On                 ;
; Limit AHDL Integers to 32 Bits                                   ; Off                ; Off                ;
; Optimization Technique                                           ; Balanced           ; Balanced           ;
; Carry Chain Length                                               ; 70                 ; 70                 ;
; Auto Carry Chains                                                ; On                 ; On                 ;
; Auto Open-Drain Pins                                             ; On                 ; On                 ;
; Perform WYSIWYG Primitive Resynthesis                            ; Off                ; Off                ;
; Auto ROM Replacement                                             ; On                 ; On                 ;
; Auto RAM Replacement                                             ; On                 ; On                 ;
; Auto DSP Block Replacement                                       ; On                 ; On                 ;
; Auto Shift Register Replacement                                  ; Auto               ; Auto               ;
; Allow Shift Register Merging across Hierarchies                  ; Auto               ; Auto               ;
; Auto Clock Enable Replacement                                    ; On                 ; On                 ;
; Strict RAM Replacement                                           ; Off                ; Off                ;
; Allow Synchronous Control Signals                                ; On                 ; On                 ;
; Force Use of Synchronous Clear Signals                           ; Off                ; Off                ;
; Auto RAM Block Balancing                                         ; On                 ; On                 ;
; Auto RAM to Logic Cell Conversion                                ; Off                ; Off                ;
; Auto Resource Sharing                                            ; Off                ; Off                ;
; Allow Any RAM Size For Recognition                               ; Off                ; Off                ;
; Allow Any ROM Size For Recognition                               ; Off                ; Off                ;
; Allow Any Shift Register Size For Recognition                    ; Off                ; Off                ;
; Use LogicLock Constraints during Resource Balancing              ; On                 ; On                 ;
; Ignore translate_off and synthesis_off directives                ; Off                ; Off                ;
; Timing-Driven Synthesis                                          ; On                 ; On                 ;
; Report Parameter Settings                                        ; On                 ; On                 ;
; Report Source Assignments                                        ; On                 ; On                 ;
; Report Connectivity Checks                                       ; On                 ; On                 ;
; Ignore Maximum Fan-Out Assignments                               ; Off                ; Off                ;
; Synchronization Register Chain Length                            ; 2                  ; 2                  ;
; Power Optimization During Synthesis                              ; Normal compilation ; Normal compilation ;
; HDL message level                                                ; Level2             ; Level2             ;
; Suppress Register Optimization Related Messages                  ; Off                ; Off                ;
; Number of Removed Registers Reported in Synthesis Report         ; 5000               ; 5000               ;
; Number of Swept Nodes Reported in Synthesis Report               ; 5000               ; 5000               ;
; Number of Inverted Registers Reported in Synthesis Report        ; 100                ; 100                ;
; Clock MUX Protection                                             ; On                 ; On                 ;
; Auto Gated Clock Conversion                                      ; Off                ; Off                ;
; Block Design Naming                                              ; Auto               ; Auto               ;
; SDC constraint protection                                        ; Off                ; Off                ;
; Synthesis Effort                                                 ; Auto               ; Auto               ;
; Shift Register Replacement - Allow Asynchronous Clear Signal     ; On                 ; On                 ;
; Pre-Mapping Resynthesis Optimization                             ; Off                ; Off                ;
; Analysis & Synthesis Message Level                               ; Medium             ; Medium             ;
; Disable Register Merging Across Hierarchies                      ; Auto               ; Auto               ;
; Resource Aware Inference For Block RAM                           ; On                 ; On                 ;
+------------------------------------------------------------------+--------------------+--------------------+


+---------------------------------+
; Analysis & Elaboration Messages ;
+---------------------------------+
Warning (18236): Number of processors has not been specified which may cause overloading on shared machines.  Set the global assignment NUM_PARALLEL_PROCESSORS in your QSF to an appropriate value for best performance.
Info (20030): Parallel compilation is enabled and will use 6 of the 6 processors detected
Info (12021): Found 1 design units, including 1 entities, in source file src/general_mux.v
    Info (12023): Found entity 1: General_MUX File: D:/Program_Files/intelFPGA_lite/projects/MIPS_project/src/General_MUX.v Line: 1
Info (12021): Found 1 design units, including 1 entities, in source file cpu_schematic.bdf
    Info (12023): Found entity 1: CPU_schematic
Info (12021): Found 1 design units, including 1 entities, in source file src/mips_on_chip_memory_controller.v
    Info (12023): Found entity 1: MIPS_On_Chip_Memory_controller File: D:/Program_Files/intelFPGA_lite/projects/MIPS_project/src/MIPS_On_Chip_Memory_controller.v Line: 40
Info (12021): Found 1 design units, including 1 entities, in source file src/program_counter.v
    Info (12023): Found entity 1: program_counter File: D:/Program_Files/intelFPGA_lite/projects/MIPS_project/src/program_counter.v Line: 1
Info (12021): Found 1 design units, including 1 entities, in source file src/register_file.v
    Info (12023): Found entity 1: register_file File: D:/Program_Files/intelFPGA_lite/projects/MIPS_project/src/register_file.v Line: 1
Info (12021): Found 1 design units, including 1 entities, in source file src/sign_extend.v
    Info (12023): Found entity 1: sign_extend File: D:/Program_Files/intelFPGA_lite/projects/MIPS_project/src/sign_extend.v Line: 1
Info (12021): Found 1 design units, including 1 entities, in source file src/alu.v
    Info (12023): Found entity 1: ALU File: D:/Program_Files/intelFPGA_lite/projects/MIPS_project/src/ALU.v Line: 1
Warning (12125): Using design file cpu.v, which is not specified as a design file for the current project, but contains definitions for 1 design units and 1 entities in project
    Info (12023): Found entity 1: CPU File: D:/Program_Files/intelFPGA_lite/projects/MIPS_project/cpu.v Line: 20
Info (12127): Elaborating entity "CPU" for the top level hierarchy
Info (12128): Elaborating entity "MIPS_On_Chip_Memory_controller" for hierarchy "MIPS_On_Chip_Memory_controller:b2v_inst" File: D:/Program_Files/intelFPGA_lite/projects/MIPS_project/CPU.v Line: 44
Info (12128): Elaborating entity "altsyncram" for hierarchy "MIPS_On_Chip_Memory_controller:b2v_inst|altsyncram:altsyncram_component" File: D:/Program_Files/intelFPGA_lite/projects/MIPS_project/src/MIPS_On_Chip_Memory_controller.v Line: 89
Info (12130): Elaborated megafunction instantiation "MIPS_On_Chip_Memory_controller:b2v_inst|altsyncram:altsyncram_component" File: D:/Program_Files/intelFPGA_lite/projects/MIPS_project/src/MIPS_On_Chip_Memory_controller.v Line: 89
Info (12133): Instantiated megafunction "MIPS_On_Chip_Memory_controller:b2v_inst|altsyncram:altsyncram_component" with the following parameter: File: D:/Program_Files/intelFPGA_lite/projects/MIPS_project/src/MIPS_On_Chip_Memory_controller.v Line: 89
    Info (12134): Parameter "clock_enable_input_a" = "BYPASS"
    Info (12134): Parameter "clock_enable_output_a" = "BYPASS"
    Info (12134): Parameter "intended_device_family" = "MAX 10"
    Info (12134): Parameter "lpm_hint" = "ENABLE_RUNTIME_MOD=YES,INSTANCE_NAME=NONE"
    Info (12134): Parameter "lpm_type" = "altsyncram"
    Info (12134): Parameter "numwords_a" = "256"
    Info (12134): Parameter "operation_mode" = "SINGLE_PORT"
    Info (12134): Parameter "outdata_aclr_a" = "CLEAR0"
    Info (12134): Parameter "outdata_reg_a" = "CLOCK0"
    Info (12134): Parameter "power_up_uninitialized" = "TRUE"
    Info (12134): Parameter "read_during_write_mode_port_a" = "OLD_DATA"
    Info (12134): Parameter "widthad_a" = "8"
    Info (12134): Parameter "width_a" = "32"
    Info (12134): Parameter "width_byteena_a" = "1"
Info (12021): Found 1 design units, including 1 entities, in source file db/altsyncram_76g1.tdf
    Info (12023): Found entity 1: altsyncram_76g1 File: D:/Program_Files/intelFPGA_lite/projects/MIPS_project/db/altsyncram_76g1.tdf Line: 28
Info (12128): Elaborating entity "altsyncram_76g1" for hierarchy "MIPS_On_Chip_Memory_controller:b2v_inst|altsyncram:altsyncram_component|altsyncram_76g1:auto_generated" File: d:/program_files/intelfpga_lite/quartus/libraries/megafunctions/altsyncram.tdf Line: 792
Info (12021): Found 1 design units, including 1 entities, in source file db/altsyncram_df62.tdf
    Info (12023): Found entity 1: altsyncram_df62 File: D:/Program_Files/intelFPGA_lite/projects/MIPS_project/db/altsyncram_df62.tdf Line: 28
Info (12128): Elaborating entity "altsyncram_df62" for hierarchy "MIPS_On_Chip_Memory_controller:b2v_inst|altsyncram:altsyncram_component|altsyncram_76g1:auto_generated|altsyncram_df62:altsyncram1" File: D:/Program_Files/intelFPGA_lite/projects/MIPS_project/db/altsyncram_76g1.tdf Line: 38
Info (12128): Elaborating entity "sld_mod_ram_rom" for hierarchy "MIPS_On_Chip_Memory_controller:b2v_inst|altsyncram:altsyncram_component|altsyncram_76g1:auto_generated|sld_mod_ram_rom:mgl_prim2" File: D:/Program_Files/intelFPGA_lite/projects/MIPS_project/db/altsyncram_76g1.tdf Line: 39
Info (12130): Elaborated megafunction instantiation "MIPS_On_Chip_Memory_controller:b2v_inst|altsyncram:altsyncram_component|altsyncram_76g1:auto_generated|sld_mod_ram_rom:mgl_prim2" File: D:/Program_Files/intelFPGA_lite/projects/MIPS_project/db/altsyncram_76g1.tdf Line: 39
Info (12133): Instantiated megafunction "MIPS_On_Chip_Memory_controller:b2v_inst|altsyncram:altsyncram_component|altsyncram_76g1:auto_generated|sld_mod_ram_rom:mgl_prim2" with the following parameter: File: D:/Program_Files/intelFPGA_lite/projects/MIPS_project/db/altsyncram_76g1.tdf Line: 39
    Info (12134): Parameter "CVALUE" = "00000000000000000000000000000000"
    Info (12134): Parameter "IS_DATA_IN_RAM" = "1"
    Info (12134): Parameter "IS_READABLE" = "1"
    Info (12134): Parameter "NODE_NAME" = "0"
    Info (12134): Parameter "NUMWORDS" = "256"
    Info (12134): Parameter "SHIFT_COUNT_BITS" = "6"
    Info (12134): Parameter "WIDTH_WORD" = "32"
    Info (12134): Parameter "WIDTHAD" = "8"
Info (12128): Elaborating entity "sld_jtag_endpoint_adapter" for hierarchy "MIPS_On_Chip_Memory_controller:b2v_inst|altsyncram:altsyncram_component|altsyncram_76g1:auto_generated|sld_mod_ram_rom:mgl_prim2|sld_jtag_endpoint_adapter:jtag_signal_adapter" File: d:/program_files/intelfpga_lite/quartus/libraries/megafunctions/sld_mod_ram_rom.vhd Line: 302
Info (12128): Elaborating entity "sld_jtag_endpoint_adapter_impl" for hierarchy "MIPS_On_Chip_Memory_controller:b2v_inst|altsyncram:altsyncram_component|altsyncram_76g1:auto_generated|sld_mod_ram_rom:mgl_prim2|sld_jtag_endpoint_adapter:jtag_signal_adapter|sld_jtag_endpoint_adapter_impl:sld_jtag_endpoint_adapter_impl_inst" File: d:/program_files/intelfpga_lite/quartus/libraries/megafunctions/sld_jtag_endpoint_adapter.vhd Line: 232
Info (12128): Elaborating entity "sld_rom_sr" for hierarchy "MIPS_On_Chip_Memory_controller:b2v_inst|altsyncram:altsyncram_component|altsyncram_76g1:auto_generated|sld_mod_ram_rom:mgl_prim2|sld_rom_sr:\ram_rom_logic_gen:no_name_gen:info_rom_sr" File: d:/program_files/intelfpga_lite/quartus/libraries/megafunctions/sld_mod_ram_rom.vhd Line: 799
Info (12128): Elaborating entity "program_counter" for hierarchy "program_counter:b2v_inst1" File: D:/Program_Files/intelFPGA_lite/projects/MIPS_project/CPU.v Line: 51
Info (12128): Elaborating entity "register_file" for hierarchy "register_file:b2v_inst3" File: D:/Program_Files/intelFPGA_lite/projects/MIPS_project/CPU.v Line: 70
Error (12006): Node instance "b2v_inst2" instantiates undefined entity "RegDst_MUX". Ensure that required library paths are specified correctly, define the specified entity, or change the instantiation. If this entity represents Intel FPGA or third-party IP, generate the synthesis files for the IP. File: D:/Program_Files/intelFPGA_lite/projects/MIPS_project/CPU.v Line: 59


